<?xml version="1.0" encoding="UTF-8"?>
<!-- Generated by org.testng.reporters.JUnitXMLReporter -->
<testsuite ignored="0" hostname="Yogesh" failures="0" tests="3" name="Default test" time="26.686" errors="0" timestamp="2025-12-20T06:21:11 IST">
  <testcase classname="sample.proj.AppTest" name="FindingArrayValues" time="0.011"/>
  <testcase classname="sample.proj.AppTest" name="countingWordsfromSen" time="0.002"/>
  <testcase classname="sample.proj.AppTest" name="shouldAnswerWithTrue" time="26.613"/>
</testsuite> <!-- Default test -->
