<?xml version="1.0" encoding="UTF-8"?>
<!-- Generated by org.testng.reporters.JUnitXMLReporter -->
<testsuite ignored="2" hostname="Yogesh" failures="0" tests="1" name="Default test" time="0.096" errors="0" timestamp="2025-11-27T23:44:57 IST">
  <testcase classname="sample.proj.AppTest" name="countingWordsfromSen" time="0.018"/>
  <testcase classname="sample.proj.AppTest" name="FindingArrayValues" time="0.0">
    <ignored/>
  </testcase> <!-- FindingArrayValues -->
  <testcase classname="sample.proj.AppTest" name="shouldAnswerWithTrue" time="0.0">
    <ignored/>
  </testcase> <!-- shouldAnswerWithTrue -->
</testsuite> <!-- Default test -->
