<?xml version="1.0" encoding="UTF-8"?>
<!-- Generated by org.testng.reporters.JUnitReportReporter -->
<testsuite hostname="Yogesh" failures="0" tests="3" name="sample.proj.AppTest" time="26.626" errors="0" timestamp="2025-12-20T06:21:11 IST" skipped="0">
  <testcase classname="sample.proj.AppTest" name="countingWordsfromSen" time="0.002"/>
  <testcase classname="sample.proj.AppTest" name="FindingArrayValues" time="0.011"/>
  <testcase classname="sample.proj.AppTest" name="shouldAnswerWithTrue" time="26.613"/>
</testsuite> <!-- sample.proj.AppTest -->
