<?xml version="1.0" encoding="UTF-8"?>
<!-- Generated by org.testng.reporters.JUnitReportReporter -->
<testsuite hostname="Yogesh" failures="0" tests="3" name="sample.proj.AppTest" time="0.018" errors="0" timestamp="2025-11-27T23:44:57 IST" skipped="2">
  <testcase classname="sample.proj.AppTest" name="countingWordsfromSen" time="0.018"/>
  <testcase classname="sample.proj.AppTest" name="FindingArrayValues">
    <skipped/>
  </testcase> <!-- FindingArrayValues -->
  <testcase classname="sample.proj.AppTest" name="shouldAnswerWithTrue">
    <skipped/>
  </testcase> <!-- shouldAnswerWithTrue -->
</testsuite> <!-- sample.proj.AppTest -->
