<?xml version="1.0" encoding="UTF-8"?>
<testng-results ignored="0" total="3" passed="3" failed="0" skipped="0">
  <reporter-output>
  </reporter-output>
  <suite started-at="2025-12-20T06:20:44 IST" name="Default suite" finished-at="2025-12-20T06:21:11 IST" duration-ms="26686">
    <groups>
      <group name="regression">
        <method signature="AppTest.countingWordsfromSen()[pri:0, instance:sample.proj.AppTest@6f03482]" name="countingWordsfromSen" class="sample.proj.AppTest"/>
        <method signature="AppTest.shouldAnswerWithTrue()[pri:0, instance:sample.proj.AppTest@6f03482]" name="shouldAnswerWithTrue" class="sample.proj.AppTest"/>
      </group> <!-- regression -->
    </groups>
    <test started-at="2025-12-20T06:20:44 IST" name="Default test" finished-at="2025-12-20T06:21:11 IST" duration-ms="26686">
      <class name="sample.proj.AppTest">
        <test-method signature="FindingArrayValues()[pri:0, instance:sample.proj.AppTest@6f03482]" started-at="2025-12-20T06:20:44 IST" name="FindingArrayValues" finished-at="2025-12-20T06:20:44 IST" duration-ms="11" status="PASS">
          <reporter-output>
          </reporter-output>
        </test-method> <!-- FindingArrayValues -->
        <test-method signature="countingWordsfromSen()[pri:0, instance:sample.proj.AppTest@6f03482]" started-at="2025-12-20T06:20:44 IST" name="countingWordsfromSen" finished-at="2025-12-20T06:20:44 IST" duration-ms="2" status="PASS">
          <reporter-output>
          </reporter-output>
        </test-method> <!-- countingWordsfromSen -->
        <test-method signature="shouldAnswerWithTrue()[pri:0, instance:sample.proj.AppTest@6f03482]" started-at="2025-12-20T06:20:44 IST" name="shouldAnswerWithTrue" finished-at="2025-12-20T06:21:11 IST" duration-ms="26613" status="PASS">
          <reporter-output>
          </reporter-output>
        </test-method> <!-- shouldAnswerWithTrue -->
      </class> <!-- sample.proj.AppTest -->
    </test> <!-- Default test -->
  </suite> <!-- Default suite -->
</testng-results>
